<?xml version="1.0" encoding="UTF-8"?>
<coverage generated="1521707212035" clover="3.2.0">
  <project timestamp="1521707212035" name="All files">
    <metrics statements="32" coveredstatements="32" conditionals="10" coveredconditionals="9" methods="11" coveredmethods="11" elements="53" coveredelements="52" complexity="0" loc="32" ncloc="32" packages="1" files="2" classes="2">
      <file name="index.js" path="/Users/Geoff/dev/easy-retry-promise-native/src/index.js">
        <metrics statements="3" coveredstatements="3" conditionals="0" coveredconditionals="0" methods="0" coveredmethods="0"/>
        <line num="1" count="1" type="stmt"/>
        <line num="4" count="1" type="stmt"/>
        <line num="5" count="1" type="stmt"/>
      </file>
      <file name="retry.js" path="/Users/Geoff/dev/easy-retry-promise-native/src/retry.js">
        <metrics statements="29" coveredstatements="29" conditionals="10" coveredconditionals="9" methods="11" coveredmethods="11"/>
        <line num="3" count="2" type="stmt"/>
        <line num="4" count="3" type="stmt"/>
        <line num="12" count="3" type="stmt"/>
        <line num="15" count="2" type="stmt"/>
        <line num="16" count="5" type="stmt"/>
        <line num="17" count="5" type="cond" truecount="1" falsecount="1"/>
        <line num="20" count="2" type="stmt"/>
        <line num="21" count="4" type="stmt"/>
        <line num="22" count="4" type="stmt"/>
        <line num="26" count="2" type="stmt"/>
        <line num="27" count="8" type="cond" truecount="2" falsecount="0"/>
        <line num="28" count="2" type="stmt"/>
        <line num="29" count="2" type="cond" truecount="2" falsecount="0"/>
        <line num="31" count="6" type="stmt"/>
        <line num="34" count="2" type="stmt"/>
        <line num="35" count="6" type="stmt"/>
        <line num="36" count="6" type="stmt"/>
        <line num="37" count="6" type="stmt"/>
        <line num="38" count="6" type="stmt"/>
        <line num="40" count="6" type="stmt"/>
        <line num="41" count="1" type="stmt"/>
        <line num="43" count="5" type="cond" truecount="4" falsecount="0"/>
        <line num="44" count="3" type="stmt"/>
        <line num="45" count="3" type="stmt"/>
        <line num="48" count="2" type="stmt"/>
        <line num="60" count="2" type="stmt"/>
        <line num="61" count="3" type="stmt"/>
        <line num="62" count="3" type="stmt"/>
        <line num="65" count="2" type="stmt"/>
      </file>
    </metrics>
  </project>
</coverage>
