<?xml version="1.0" encoding="UTF-8"?>
<coverage generated="1521371909509" clover="3.2.0">
  <project timestamp="1521371909509" name="All files">
    <metrics statements="24" coveredstatements="24" conditionals="4" coveredconditionals="3" methods="10" coveredmethods="10" elements="38" coveredelements="37" complexity="0" loc="24" ncloc="24" packages="1" files="1" classes="1">
      <file name="index.js" path="/Users/Geoff/dev/easy-retry-promise-native/src/index.js">
        <metrics statements="24" coveredstatements="24" conditionals="4" coveredconditionals="3" methods="10" coveredmethods="10"/>
        <line num="3" count="1" type="stmt"/>
        <line num="4" count="3" type="stmt"/>
        <line num="12" count="3" type="stmt"/>
        <line num="15" count="1" type="stmt"/>
        <line num="16" count="3" type="stmt"/>
        <line num="17" count="3" type="cond" truecount="1" falsecount="1"/>
        <line num="20" count="1" type="stmt"/>
        <line num="21" count="3" type="stmt"/>
        <line num="22" count="3" type="stmt"/>
        <line num="26" count="1" type="stmt"/>
        <line num="27" count="6" type="stmt"/>
        <line num="28" count="6" type="stmt"/>
        <line num="29" count="6" type="stmt"/>
        <line num="30" count="6" type="stmt"/>
        <line num="32" count="6" type="stmt"/>
        <line num="33" count="1" type="stmt"/>
        <line num="35" count="5" type="cond" truecount="2" falsecount="0"/>
        <line num="36" count="3" type="stmt"/>
        <line num="37" count="3" type="stmt"/>
        <line num="40" count="2" type="stmt"/>
        <line num="52" count="1" type="stmt"/>
        <line num="53" count="3" type="stmt"/>
        <line num="54" count="3" type="stmt"/>
        <line num="57" count="1" type="stmt"/>
      </file>
    </metrics>
  </project>
</coverage>
