{"/Users/Geoff/dev/easy-retry-promise-native/src/index.js": {"path":"/Users/Geoff/dev/easy-retry-promise-native/src/index.js","statementMap":{"0":{"start":{"line":1,"column":14},"end":{"line":1,"column":32}},"1":{"start":{"line":4,"column":0},"end":{"line":4,"column":28}},"2":{"start":{"line":5,"column":0},"end":{"line":5,"column":36}}},"fnMap":{},"branchMap":{},"s":{"0":1,"1":1,"2":1},"f":{},"b":{},"_coverageSchema":"332fd63041d2c1bcb487cc26dd0d5f7d97098a6c","hash":"04aa7740ad07a5fc5fcba38420fa0b4d436c2311"}
,"/Users/Geoff/dev/easy-retry-promise-native/src/retry.js": {"path":"/Users/Geoff/dev/easy-retry-promise-native/src/retry.js","statementMap":{"0":{"start":{"line":3,"column":23},"end":{"line":13,"column":1}},"1":{"start":{"line":4,"column":19},"end":{"line":10,"column":3}},"2":{"start":{"line":12,"column":2},"end":{"line":12,"column":34}},"3":{"start":{"line":15,"column":26},"end":{"line":18,"column":1}},"4":{"start":{"line":16,"column":23},"end":{"line":16,"column":116}},"5":{"start":{"line":17,"column":2},"end":{"line":17,"column":76}},"6":{"start":{"line":20,"column":14},"end":{"line":24,"column":1}},"7":{"start":{"line":21,"column":2},"end":{"line":23,"column":5}},"8":{"start":{"line":22,"column":6},"end":{"line":22,"column":47}},"9":{"start":{"line":26,"column":19},"end":{"line":32,"column":1}},"10":{"start":{"line":27,"column":2},"end":{"line":30,"column":3}},"11":{"start":{"line":28,"column":15},"end":{"line":28,"column":37}},"12":{"start":{"line":29,"column":4},"end":{"line":29,"column":46}},"13":{"start":{"line":31,"column":2},"end":{"line":31,"column":14}},"14":{"start":{"line":34,"column":16},"end":{"line":51,"column":1}},"15":{"start":{"line":35,"column":21},"end":{"line":35,"column":35}},"16":{"start":{"line":36,"column":2},"end":{"line":36,"column":23}},"17":{"start":{"line":37,"column":2},"end":{"line":50,"column":3}},"18":{"start":{"line":38,"column":17},"end":{"line":38,"column":38}},"19":{"start":{"line":40,"column":4},"end":{"line":49,"column":8}},"20":{"start":{"line":41,"column":26},"end":{"line":41,"column":56}},"21":{"start":{"line":43,"column":8},"end":{"line":46,"column":9}},"22":{"start":{"line":44,"column":31},"end":{"line":44,"column":60}},"23":{"start":{"line":45,"column":10},"end":{"line":45,"column":104}},"24":{"start":{"line":45,"column":50},"end":{"line":45,"column":101}},"25":{"start":{"line":48,"column":8},"end":{"line":48,"column":34}},"26":{"start":{"line":60,"column":15},"end":{"line":63,"column":1}},"27":{"start":{"line":61,"column":23},"end":{"line":61,"column":46}},"28":{"start":{"line":62,"column":2},"end":{"line":62,"column":41}},"29":{"start":{"line":65,"column":0},"end":{"line":70,"column":1}}},"fnMap":{"0":{"name":"(anonymous_0)","decl":{"start":{"line":3,"column":23},"end":{"line":3,"column":24}},"loc":{"start":{"line":3,"column":36},"end":{"line":13,"column":1}},"line":3},"1":{"name":"(anonymous_1)","decl":{"start":{"line":15,"column":26},"end":{"line":15,"column":27}},"loc":{"start":{"line":15,"column":39},"end":{"line":18,"column":1}},"line":15},"2":{"name":"(anonymous_2)","decl":{"start":{"line":20,"column":14},"end":{"line":20,"column":15}},"loc":{"start":{"line":20,"column":29},"end":{"line":24,"column":1}},"line":20},"3":{"name":"(anonymous_3)","decl":{"start":{"line":21,"column":21},"end":{"line":21,"column":22}},"loc":{"start":{"line":21,"column":39},"end":{"line":23,"column":3}},"line":21},"4":{"name":"(anonymous_4)","decl":{"start":{"line":26,"column":19},"end":{"line":26,"column":20}},"loc":{"start":{"line":26,"column":33},"end":{"line":32,"column":1}},"line":26},"5":{"name":"(anonymous_5)","decl":{"start":{"line":34,"column":16},"end":{"line":34,"column":17}},"loc":{"start":{"line":34,"column":40},"end":{"line":51,"column":1}},"line":34},"6":{"name":"(anonymous_6)","decl":{"start":{"line":37,"column":9},"end":{"line":37,"column":10}},"loc":{"start":{"line":37,"column":20},"end":{"line":50,"column":3}},"line":37},"7":{"name":"(anonymous_7)","decl":{"start":{"line":41,"column":12},"end":{"line":41,"column":13}},"loc":{"start":{"line":41,"column":24},"end":{"line":41,"column":58}},"line":41},"8":{"name":"(anonymous_8)","decl":{"start":{"line":42,"column":13},"end":{"line":42,"column":14}},"loc":{"start":{"line":42,"column":22},"end":{"line":49,"column":7}},"line":42},"9":{"name":"(anonymous_9)","decl":{"start":{"line":45,"column":42},"end":{"line":45,"column":43}},"loc":{"start":{"line":45,"column":48},"end":{"line":45,"column":103}},"line":45},"10":{"name":"(anonymous_10)","decl":{"start":{"line":60,"column":15},"end":{"line":60,"column":16}},"loc":{"start":{"line":60,"column":39},"end":{"line":63,"column":1}},"line":60}},"branchMap":{"0":{"loc":{"start":{"line":17,"column":9},"end":{"line":17,"column":76}},"type":"cond-expr","locations":[{"start":{"line":17,"column":44},"end":{"line":17,"column":62}},{"start":{"line":17,"column":65},"end":{"line":17,"column":76}}],"line":17},"1":{"loc":{"start":{"line":27,"column":2},"end":{"line":30,"column":3}},"type":"if","locations":[{"start":{"line":27,"column":2},"end":{"line":30,"column":3}},{"start":{"line":27,"column":2},"end":{"line":30,"column":3}}],"line":27},"2":{"loc":{"start":{"line":29,"column":12},"end":{"line":29,"column":45}},"type":"binary-expr","locations":[{"start":{"line":29,"column":12},"end":{"line":29,"column":24}},{"start":{"line":29,"column":28},"end":{"line":29,"column":45}}],"line":29},"3":{"loc":{"start":{"line":43,"column":8},"end":{"line":46,"column":9}},"type":"if","locations":[{"start":{"line":43,"column":8},"end":{"line":46,"column":9}},{"start":{"line":43,"column":8},"end":{"line":46,"column":9}}],"line":43},"4":{"loc":{"start":{"line":43,"column":12},"end":{"line":43,"column":94}},"type":"binary-expr","locations":[{"start":{"line":43,"column":12},"end":{"line":43,"column":46}},{"start":{"line":43,"column":50},"end":{"line":43,"column":94}}],"line":43}},"s":{"0":2,"1":3,"2":3,"3":2,"4":5,"5":5,"6":2,"7":4,"8":4,"9":2,"10":8,"11":2,"12":2,"13":6,"14":2,"15":6,"16":6,"17":6,"18":6,"19":6,"20":1,"21":5,"22":3,"23":3,"24":3,"25":2,"26":2,"27":3,"28":3,"29":2},"f":{"0":3,"1":5,"2":4,"3":4,"4":8,"5":6,"6":6,"7":1,"8":5,"9":3,"10":3},"b":{"0":[0,5],"1":[2,6],"2":[2,1],"3":[3,2],"4":[5,5]},"_coverageSchema":"332fd63041d2c1bcb487cc26dd0d5f7d97098a6c","hash":"1fc2779ebd4ae22a232e2f263a51a6068b6e2f17"}
}
