{"/Users/Geoff/dev/easy-retry-promise-native/src/index.js": {"path":"/Users/Geoff/dev/easy-retry-promise-native/src/index.js","statementMap":{"0":{"start":{"line":3,"column":23},"end":{"line":13,"column":1}},"1":{"start":{"line":4,"column":19},"end":{"line":10,"column":3}},"2":{"start":{"line":12,"column":2},"end":{"line":12,"column":34}},"3":{"start":{"line":15,"column":26},"end":{"line":18,"column":1}},"4":{"start":{"line":16,"column":23},"end":{"line":16,"column":116}},"5":{"start":{"line":17,"column":2},"end":{"line":17,"column":76}},"6":{"start":{"line":20,"column":14},"end":{"line":24,"column":1}},"7":{"start":{"line":21,"column":2},"end":{"line":23,"column":5}},"8":{"start":{"line":22,"column":6},"end":{"line":22,"column":47}},"9":{"start":{"line":26,"column":16},"end":{"line":43,"column":1}},"10":{"start":{"line":27,"column":21},"end":{"line":27,"column":35}},"11":{"start":{"line":28,"column":2},"end":{"line":28,"column":23}},"12":{"start":{"line":29,"column":2},"end":{"line":42,"column":3}},"13":{"start":{"line":30,"column":17},"end":{"line":30,"column":38}},"14":{"start":{"line":32,"column":4},"end":{"line":41,"column":8}},"15":{"start":{"line":33,"column":26},"end":{"line":33,"column":56}},"16":{"start":{"line":35,"column":8},"end":{"line":38,"column":9}},"17":{"start":{"line":36,"column":31},"end":{"line":36,"column":60}},"18":{"start":{"line":37,"column":10},"end":{"line":37,"column":96}},"19":{"start":{"line":37,"column":50},"end":{"line":37,"column":93}},"20":{"start":{"line":40,"column":8},"end":{"line":40,"column":34}},"21":{"start":{"line":52,"column":15},"end":{"line":55,"column":1}},"22":{"start":{"line":53,"column":23},"end":{"line":53,"column":46}},"23":{"start":{"line":54,"column":2},"end":{"line":54,"column":41}},"24":{"start":{"line":57,"column":0},"end":{"line":59,"column":1}}},"fnMap":{"0":{"name":"(anonymous_0)","decl":{"start":{"line":3,"column":23},"end":{"line":3,"column":24}},"loc":{"start":{"line":3,"column":36},"end":{"line":13,"column":1}},"line":3},"1":{"name":"(anonymous_1)","decl":{"start":{"line":15,"column":26},"end":{"line":15,"column":27}},"loc":{"start":{"line":15,"column":39},"end":{"line":18,"column":1}},"line":15},"2":{"name":"(anonymous_2)","decl":{"start":{"line":20,"column":14},"end":{"line":20,"column":15}},"loc":{"start":{"line":20,"column":29},"end":{"line":24,"column":1}},"line":20},"3":{"name":"(anonymous_3)","decl":{"start":{"line":21,"column":21},"end":{"line":21,"column":22}},"loc":{"start":{"line":21,"column":39},"end":{"line":23,"column":3}},"line":21},"4":{"name":"(anonymous_4)","decl":{"start":{"line":26,"column":16},"end":{"line":26,"column":17}},"loc":{"start":{"line":26,"column":40},"end":{"line":43,"column":1}},"line":26},"5":{"name":"(anonymous_5)","decl":{"start":{"line":29,"column":9},"end":{"line":29,"column":10}},"loc":{"start":{"line":29,"column":20},"end":{"line":42,"column":3}},"line":29},"6":{"name":"(anonymous_6)","decl":{"start":{"line":33,"column":12},"end":{"line":33,"column":13}},"loc":{"start":{"line":33,"column":24},"end":{"line":33,"column":58}},"line":33},"7":{"name":"(anonymous_7)","decl":{"start":{"line":34,"column":13},"end":{"line":34,"column":14}},"loc":{"start":{"line":34,"column":22},"end":{"line":41,"column":7}},"line":34},"8":{"name":"(anonymous_8)","decl":{"start":{"line":37,"column":42},"end":{"line":37,"column":43}},"loc":{"start":{"line":37,"column":48},"end":{"line":37,"column":95}},"line":37},"9":{"name":"(anonymous_9)","decl":{"start":{"line":52,"column":15},"end":{"line":52,"column":16}},"loc":{"start":{"line":52,"column":39},"end":{"line":55,"column":1}},"line":52}},"branchMap":{"0":{"loc":{"start":{"line":17,"column":9},"end":{"line":17,"column":76}},"type":"cond-expr","locations":[{"start":{"line":17,"column":44},"end":{"line":17,"column":62}},{"start":{"line":17,"column":65},"end":{"line":17,"column":76}}],"line":17},"1":{"loc":{"start":{"line":35,"column":8},"end":{"line":38,"column":9}},"type":"if","locations":[{"start":{"line":35,"column":8},"end":{"line":38,"column":9}},{"start":{"line":35,"column":8},"end":{"line":38,"column":9}}],"line":35}},"s":{"0":1,"1":3,"2":3,"3":1,"4":2,"5":2,"6":1,"7":2,"8":2,"9":1,"10":4,"11":4,"12":4,"13":4,"14":4,"15":1,"16":3,"17":2,"18":2,"19":1,"20":1,"21":1,"22":3,"23":3,"24":1},"f":{"0":3,"1":2,"2":2,"3":2,"4":4,"5":4,"6":1,"7":3,"8":1,"9":3},"b":{"0":[0,2],"1":[2,1]},"_coverageSchema":"332fd63041d2c1bcb487cc26dd0d5f7d97098a6c","hash":"93591010ebc5299df88f0d7747e2894137ec8a15"}
}
