TN:
SF:/Users/Geoff/dev/easy-retry-promise-native/src/index.js
FN:3,(anonymous_0)
FN:15,(anonymous_1)
FN:20,(anonymous_2)
FN:21,(anonymous_3)
FN:26,(anonymous_4)
FN:29,(anonymous_5)
FN:33,(anonymous_6)
FN:34,(anonymous_7)
FN:37,(anonymous_8)
FN:52,(anonymous_9)
FNF:10
FNH:10
FNDA:3,(anonymous_0)
FNDA:3,(anonymous_1)
FNDA:3,(anonymous_2)
FNDA:3,(anonymous_3)
FNDA:6,(anonymous_4)
FNDA:6,(anonymous_5)
FNDA:1,(anonymous_6)
FNDA:5,(anonymous_7)
FNDA:3,(anonymous_8)
FNDA:3,(anonymous_9)
DA:3,1
DA:4,3
DA:12,3
DA:15,1
DA:16,3
DA:17,3
DA:20,1
DA:21,3
DA:22,3
DA:26,1
DA:27,6
DA:28,6
DA:29,6
DA:30,6
DA:32,6
DA:33,1
DA:35,5
DA:36,3
DA:37,3
DA:40,2
DA:52,1
DA:53,3
DA:54,3
DA:57,1
LF:24
LH:24
BRDA:17,0,0,0
BRDA:17,0,1,3
BRDA:35,1,0,3
BRDA:35,1,1,2
BRF:4
BRH:3
end_of_record
