TN:
SF:/Users/Geoff/dev/easy-retry-promise-native/src/index.js
FNF:0
FNH:0
DA:1,1
DA:4,1
DA:5,1
LF:3
LH:3
BRF:0
BRH:0
end_of_record
TN:
SF:/Users/Geoff/dev/easy-retry-promise-native/src/retry.js
FN:3,(anonymous_0)
FN:15,(anonymous_1)
FN:20,(anonymous_2)
FN:21,(anonymous_3)
FN:26,(anonymous_4)
FN:34,(anonymous_5)
FN:37,(anonymous_6)
FN:41,(anonymous_7)
FN:42,(anonymous_8)
FN:45,(anonymous_9)
FN:60,(anonymous_10)
FNF:11
FNH:11
FNDA:3,(anonymous_0)
FNDA:5,(anonymous_1)
FNDA:4,(anonymous_2)
FNDA:4,(anonymous_3)
FNDA:8,(anonymous_4)
FNDA:6,(anonymous_5)
FNDA:6,(anonymous_6)
FNDA:1,(anonymous_7)
FNDA:5,(anonymous_8)
FNDA:3,(anonymous_9)
FNDA:3,(anonymous_10)
DA:3,2
DA:4,3
DA:12,3
DA:15,2
DA:16,5
DA:17,5
DA:20,2
DA:21,4
DA:22,4
DA:26,2
DA:27,8
DA:28,2
DA:29,2
DA:31,6
DA:34,2
DA:35,6
DA:36,6
DA:37,6
DA:38,6
DA:40,6
DA:41,1
DA:43,5
DA:44,3
DA:45,3
DA:48,2
DA:60,2
DA:61,3
DA:62,3
DA:65,2
LF:29
LH:29
BRDA:17,0,0,0
BRDA:17,0,1,5
BRDA:27,1,0,2
BRDA:27,1,1,6
BRDA:29,2,0,2
BRDA:29,2,1,1
BRDA:43,3,0,3
BRDA:43,3,1,2
BRDA:43,4,0,5
BRDA:43,4,1,5
BRF:10
BRH:9
end_of_record
